<?xml version="1.0" encoding="UTF-8" ?>
<testsuite failures="0" time="1.85" errors="0" skipped="0" tests="6" name="ub.cse636.project.service.UberServiceTest">
  <properties>
[...]
</properties>
  <testcase time="0.625" classname="ub.cse636.project.service.UberServiceTest" name="testUberProductSearchAPICall"/>
  <testcase time="0.593" classname="ub.cse636.project.service.UberServiceTest" name="testUberPriceEstimatesAPICall"/>
  <testcase time="0.607" classname="ub.cse636.project.service.UberServiceTest" name="testUberTimeEstimatesAPICall"/>
  <testcase time="0" classname="ub.cse636.project.service.UberServiceTest" name="testParseUberProductJSON"/>
  <testcase time="0" classname="ub.cse636.project.service.UberServiceTest" name="testParseUberPriceJSON"/>
  <testcase time="0" classname="ub.cse636.project.service.UberServiceTest" name="testParseUberTimeJSON"/>
</testsuite>